<?xml version="1.0" encoding="UTF-8"?>
<testsuite name="TimeUnitSpec" tests="1" skipped="0" failures="0" errors="0" timestamp="2022-09-27T07:38:28" hostname="DESKTOP-M319O4A" time="0.144">
  <properties/>
  <testcase name="String Format" classname="TimeUnitSpec" time="0.144"/>
  <system-out><![CDATA[]]></system-out>
  <system-err><![CDATA[]]></system-err>
</testsuite>
